Using pre-set license
Built from '2020.3/staging' branch; Version is '2020.3.26f1 (7298b473bc1a) revision 7510196'; Using compiler version '192528614'; Build Type 'Release'
OS: 'Windows 10  (10.0.19044) 64bit Professional' Language: 'ko' Physical Memory: 32548 MB
BatchMode: 1, IsHumanControllingUs: 0, StartBugReporterOnCrash: 0, Is64bit: 1, IsPro: 0

COMMAND LINE ARGUMENTS:
C:\Program Files\Unity\Hub\Editor\2020.3.26f1\Editor\Unity.exe
-adb2
-batchMode
-noUpm
-name
AssetImportWorker0
-projectPath
D:/Programming/Unity/220331/ARMG_Simulation
-logFile
Logs/AssetImportWorker0.log
-srvPort
3896
Successfully changed project path to: D:/Programming/Unity/220331/ARMG_Simulation
D:/Programming/Unity/220331/ARMG_Simulation
Using Asset Import Pipeline V2.
Refreshing native plugins compatible for Editor in 32.67 ms, found 2 plugins.
Preloading 0 native plugins for Editor in 0.00 ms.
Initialize engine version: 2020.3.26f1 (7298b473bc1a)
[Subsystems] Discovering subsystems at path C:/Program Files/Unity/Hub/Editor/2020.3.26f1/Editor/Data/Resources/UnitySubsystems
[Subsystems] Discovering subsystems at path D:/Programming/Unity/220331/ARMG_Simulation/Assets
GfxDevice: creating device client; threaded=0
Direct3D:
    Version:  Direct3D 11.0 [level 11.1]
    Renderer: NVIDIA GeForce GTX 1650 (ID=0x1f91)
    Vendor:   
    VRAM:     3964 MB
    Driver:   27.21.14.6231
Initialize mono
Mono path[0] = 'C:/Program Files/Unity/Hub/Editor/2020.3.26f1/Editor/Data/Managed'
Mono path[1] = 'C:/Program Files/Unity/Hub/Editor/2020.3.26f1/Editor/Data/MonoBleedingEdge/lib/mono/unityjit'
Mono config path = 'C:/Program Files/Unity/Hub/Editor/2020.3.26f1/Editor/Data/MonoBleedingEdge/etc'
Using monoOptions --debugger-agent=transport=dt_socket,embedding=1,server=y,suspend=n,address=127.0.0.1:56612
Begin MonoManager ReloadAssembly
Registering precompiled unity dll's ...
Register platform support module: C:/Program Files/Unity/Hub/Editor/2020.3.26f1/Editor/Data/PlaybackEngines/WindowsStandaloneSupport/UnityEditor.WindowsStandalone.Extensions.dll
Registered in 0.003668 seconds.
Native extension for WindowsStandalone target not found
Refreshing native plugins compatible for Editor in 28.78 ms, found 2 plugins.
Preloading 0 native plugins for Editor in 0.00 ms.
Mono: successfully reloaded assembly
- Completed reload, in  0.611 seconds
Domain Reload Profiling:
	ReloadAssembly (611ms)
		BeginReloadAssembly (83ms)
			ExecutionOrderSort (0ms)
			DisableScriptedObjects (0ms)
			BackupInstance (0ms)
			ReleaseScriptingObjects (0ms)
			CreateAndSetChildDomain (1ms)
		EndReloadAssembly (449ms)
			LoadAssemblies (80ms)
			RebuildTransferFunctionScriptingTraits (0ms)
			SetupTypeCache (153ms)
			ReleaseScriptCaches (0ms)
			RebuildScriptCaches (30ms)
			SetupLoadedEditorAssemblies (155ms)
				LogAssemblyErrors (0ms)
				InitializePlatformSupportModulesInManaged (4ms)
				SetLoadedEditorAssemblies (0ms)
				RefreshPlugins (29ms)
				BeforeProcessingInitializeOnLoad (8ms)
				ProcessInitializeOnLoadAttributes (78ms)
				ProcessInitializeOnLoadMethodAttributes (35ms)
				AfterProcessingInitializeOnLoad (0ms)
				EditorAssembliesLoaded (0ms)
			ExecutionOrderSort2 (0ms)
			AwakeInstancesAfterBackupRestoration (0ms)
Platform modules already initialized, skipping
Registering precompiled user dll's ...
Registered in 0.005596 seconds.
Begin MonoManager ReloadAssembly
Native extension for WindowsStandalone target not found
Refreshing native plugins compatible for Editor in 0.35 ms, found 2 plugins.
Preloading 0 native plugins for Editor in 0.00 ms.
DisplayProgressbar: Restoring NuGet Packages
Mono: successfully reloaded assembly
- Completed reload, in  1.286 seconds
Domain Reload Profiling:
	ReloadAssembly (1286ms)
		BeginReloadAssembly (160ms)
			ExecutionOrderSort (0ms)
			DisableScriptedObjects (4ms)
			BackupInstance (0ms)
			ReleaseScriptingObjects (0ms)
			CreateAndSetChildDomain (17ms)
		EndReloadAssembly (1060ms)
			LoadAssemblies (111ms)
			RebuildTransferFunctionScriptingTraits (0ms)
			SetupTypeCache (278ms)
			ReleaseScriptCaches (0ms)
			RebuildScriptCaches (38ms)
			SetupLoadedEditorAssemblies (565ms)
				LogAssemblyErrors (0ms)
				InitializePlatformSupportModulesInManaged (5ms)
				SetLoadedEditorAssemblies (0ms)
				RefreshPlugins (0ms)
				BeforeProcessingInitializeOnLoad (56ms)
				ProcessInitializeOnLoadAttributes (482ms)
				ProcessInitializeOnLoadMethodAttributes (9ms)
				AfterProcessingInitializeOnLoad (12ms)
				EditorAssembliesLoaded (0ms)
			ExecutionOrderSort2 (0ms)
			AwakeInstancesAfterBackupRestoration (6ms)
Platform modules already initialized, skipping
========================================================================
Worker process is ready to serve import requests
Launched and connected shader compiler UnityShaderCompiler.exe after 0.09 seconds
Refreshing native plugins compatible for Editor in 0.33 ms, found 2 plugins.
Preloading 0 native plugins for Editor in 0.00 ms.
Unloading 1536 Unused Serialized files (Serialized files now loaded: 0)
System memory in use before: 69.6 MB.
System memory in use after: 69.7 MB.

Unloading 23 unused Assets to reduce memory usage. Loaded Objects now: 1967.
Total: 2.518800 ms (FindLiveObjects: 0.114500 ms CreateObjectMapping: 0.043700 ms MarkObjects: 2.299900 ms  DeleteObjects: 0.060000 ms)

AssetImportParameters requested are different than current active one (requested -> active):
  custom:framework-win-MediaFoundation: 216162199b28c13a410421893ffa2e32 -> 
  custom:video-decoder-ogg-theora: a1e56fd34408186e4bbccfd4996cb3dc -> 
  custom:container-muxer-webm: aa71ff27fc2769a1b78a27578f13a17b -> 
  custom:container-demuxer-webm: 4f35f7cbe854078d1ac9338744f61a02 -> 
  custom:container-demuxer-ogg: 62fdf1f143b41e24485cea50d1cbac27 -> 
  custom:video-encoder-webm-vp8: eb34c28f22e8b96e1ab97ce403110664 -> 
  custom:video-codec-MediaFoundation-h265: 746d11721c4dcdbdad8f713fa42b33f4 -> 
  custom:video-decoder-webm-vp8: 9c59270c3fd7afecdb556c50c9e8de78 -> 
  custom:audio-decoder-ogg-vorbis: bf7c407c2cedff20999df2af8eb42d56 -> 
  custom:audio-encoder-webm-vorbis: bf7c407c2cedff20999df2af8eb42d56 -> 
========================================================================
Received Import Request.
  path: Assets/Prefab/Container_red.prefab
  artifactKey: Guid(0a9376157306b6d4bafd6a5dc03c831b) Importer(815301076,1909f56bfc062723c751e8b465ee728b)
Start importing Assets/Prefab/Container_red.prefab using Guid(0a9376157306b6d4bafd6a5dc03c831b) Importer(815301076,1909f56bfc062723c751e8b465ee728b)  -> (artifact id: 'eb5c9bcdc27c6028c7ecadb47ba36143') in 0.303076 seconds 
  Import took 0.305386 seconds .

========================================================================
Received Import Request.
  Time since last request: 0.000214 seconds.
  path: Assets/Prefab/Container_gray.prefab
  artifactKey: Guid(fd907e3ea6b50f5468098d1c8b772dc9) Importer(815301076,1909f56bfc062723c751e8b465ee728b)
Start importing Assets/Prefab/Container_gray.prefab using Guid(fd907e3ea6b50f5468098d1c8b772dc9) Importer(815301076,1909f56bfc062723c751e8b465ee728b)  -> (artifact id: '518dd11df6ad69d6dbbf7e6f1dc8be4e') in 0.012802 seconds 
  Import took 0.015302 seconds .

========================================================================
Received Import Request.
  Time since last request: 0.000219 seconds.
  path: Assets/Prefab/Container_green.prefab
  artifactKey: Guid(639821ef0a44f0c43ad0ad5eba35d164) Importer(815301076,1909f56bfc062723c751e8b465ee728b)
Start importing Assets/Prefab/Container_green.prefab using Guid(639821ef0a44f0c43ad0ad5eba35d164) Importer(815301076,1909f56bfc062723c751e8b465ee728b)  -> (artifact id: '3327b7e8003e7a85df3ad04da6fdad88') in 0.016561 seconds 
  Import took 0.019035 seconds .

========================================================================
Received Import Request.
  Time since last request: 0.000254 seconds.
  path: Assets/Prefab/Laser.prefab
  artifactKey: Guid(879c11507cc4f314b9278799b6c3aff2) Importer(815301076,1909f56bfc062723c751e8b465ee728b)
Start importing Assets/Prefab/Laser.prefab using Guid(879c11507cc4f314b9278799b6c3aff2) Importer(815301076,1909f56bfc062723c751e8b465ee728b)  -> (artifact id: '7c43fe3df9f8d2ecb9bbb1f82ab216b4') in 0.013379 seconds 
  Import took 0.016058 seconds .

========================================================================
Received Import Request.
  Time since last request: 0.000222 seconds.
  path: Assets/Prefab/Cylinder.prefab
  artifactKey: Guid(a40587bf3f4316d45b3da306fb4fc544) Importer(815301076,1909f56bfc062723c751e8b465ee728b)
Start importing Assets/Prefab/Cylinder.prefab using Guid(a40587bf3f4316d45b3da306fb4fc544) Importer(815301076,1909f56bfc062723c751e8b465ee728b)  -> (artifact id: '5202092faaab42b6a7d304dc1e51f93c') in 0.011324 seconds 
  Import took 0.014524 seconds .

========================================================================
Received Import Request.
  Time since last request: 22.998991 seconds.
  path: Assets/Scenes/RMGC_Modeling_using_Filo.unity
  artifactKey: Guid(1dbfd0e1c5b18ff4a96412b145dda086) Importer(815301076,1909f56bfc062723c751e8b465ee728b)
Start importing Assets/Scenes/RMGC_Modeling_using_Filo.unity using Guid(1dbfd0e1c5b18ff4a96412b145dda086) Importer(815301076,1909f56bfc062723c751e8b465ee728b)  -> (artifact id: '7482704c1693a23b14380820119313ca') in 0.006835 seconds 
  Import took 0.009579 seconds .

========================================================================
Received Import Request.
  Time since last request: 131.626600 seconds.
  path: Assets/Meterial/Container_1.mat
  artifactKey: Guid(a84bfd8fb31a38245adf8ea8ede8a40e) Importer(815301076,1909f56bfc062723c751e8b465ee728b)
Start importing Assets/Meterial/Container_1.mat using Guid(a84bfd8fb31a38245adf8ea8ede8a40e) Importer(815301076,1909f56bfc062723c751e8b465ee728b)  -> (artifact id: '4a4b1728e7bf0752e25c16fa3ebc0b76') in 0.028691 seconds 
  Import took 0.031484 seconds .

========================================================================
Received Import Request.
  Time since last request: 0.000206 seconds.
  path: Assets/Meterial/LiDAR.mat
  artifactKey: Guid(360bdb0c32e04dd418749e0bb440e6fe) Importer(815301076,1909f56bfc062723c751e8b465ee728b)
Start importing Assets/Meterial/LiDAR.mat using Guid(360bdb0c32e04dd418749e0bb440e6fe) Importer(815301076,1909f56bfc062723c751e8b465ee728b)  -> (artifact id: '48f50cabdb0c1e0622baddb0b0b19df9') in 0.010788 seconds 
  Import took 0.013000 seconds .

========================================================================
Received Import Request.
  Time since last request: 0.000227 seconds.
  path: Assets/Meterial/Ground.mat
  artifactKey: Guid(1f0a104f88c7b7647bc5067e982d2b61) Importer(815301076,1909f56bfc062723c751e8b465ee728b)
Start importing Assets/Meterial/Ground.mat using Guid(1f0a104f88c7b7647bc5067e982d2b61) Importer(815301076,1909f56bfc062723c751e8b465ee728b)  -> (artifact id: '3010e75585b40389289a272a6ab6c72d') in 0.015750 seconds 
  Import took 0.018187 seconds .

========================================================================
Received Import Request.
  Time since last request: 0.000219 seconds.
  path: Assets/Meterial/Container_3.mat
  artifactKey: Guid(9c9df2661057ece4ba085d7ccbf7f2c3) Importer(815301076,1909f56bfc062723c751e8b465ee728b)
Start importing Assets/Meterial/Container_3.mat using Guid(9c9df2661057ece4ba085d7ccbf7f2c3) Importer(815301076,1909f56bfc062723c751e8b465ee728b)  -> (artifact id: '6b021aa07b06e9c1848b27093e9eb33b') in 0.021311 seconds 
  Import took 0.023647 seconds .

========================================================================
Received Import Request.
  Time since last request: 0.000208 seconds.
  path: Assets/Meterial/Laser_body.mat
  artifactKey: Guid(003b702c9da3c2146a1c3cbdb6f9370b) Importer(815301076,1909f56bfc062723c751e8b465ee728b)
Start importing Assets/Meterial/Laser_body.mat using Guid(003b702c9da3c2146a1c3cbdb6f9370b) Importer(815301076,1909f56bfc062723c751e8b465ee728b)  -> (artifact id: '885ceecac5b55760907ca823bf2e4761') in 0.011736 seconds 
  Import took 0.014220 seconds .

========================================================================
Received Import Request.
  Time since last request: 0.000208 seconds.
  path: Assets/Meterial/Cylinder_moving.mat
  artifactKey: Guid(a5029b9a46527bb49a628487f134e785) Importer(815301076,1909f56bfc062723c751e8b465ee728b)
Start importing Assets/Meterial/Cylinder_moving.mat using Guid(a5029b9a46527bb49a628487f134e785) Importer(815301076,1909f56bfc062723c751e8b465ee728b)  -> (artifact id: 'ff2d55f41c13fcaf6a210ccbb42de044') in 0.018440 seconds 
  Import took 0.021545 seconds .

========================================================================
Received Import Request.
  Time since last request: 0.000278 seconds.
  path: Assets/Meterial/Container_2.mat
  artifactKey: Guid(7ebb3842fc031084b80eba802933d0b3) Importer(815301076,1909f56bfc062723c751e8b465ee728b)
Start importing Assets/Meterial/Container_2.mat using Guid(7ebb3842fc031084b80eba802933d0b3) Importer(815301076,1909f56bfc062723c751e8b465ee728b)  -> (artifact id: '3d7598ddfe1db738a393cfce279e25e2') in 0.018677 seconds 
  Import took 0.022018 seconds .

========================================================================
Received Import Request.
  Time since last request: 0.000219 seconds.
  path: Assets/Meterial/Laser_front.mat
  artifactKey: Guid(f8443973239b05341b93dc1dba769a78) Importer(815301076,1909f56bfc062723c751e8b465ee728b)
Start importing Assets/Meterial/Laser_front.mat using Guid(f8443973239b05341b93dc1dba769a78) Importer(815301076,1909f56bfc062723c751e8b465ee728b)  -> (artifact id: 'cefe64220b25880abd249f68689dcc2b') in 0.011157 seconds 
  Import took 0.013618 seconds .

========================================================================
Received Import Request.
  Time since last request: 0.000206 seconds.
  path: Assets/Meterial/Wire.mat
  artifactKey: Guid(90da90a109281c2459532b397969d269) Importer(815301076,1909f56bfc062723c751e8b465ee728b)
Start importing Assets/Meterial/Wire.mat using Guid(90da90a109281c2459532b397969d269) Importer(815301076,1909f56bfc062723c751e8b465ee728b)  -> (artifact id: '100e44383370bd73adde891617775325') in 0.018081 seconds 
  Import took 0.020584 seconds .

========================================================================
Received Import Request.
  Time since last request: 0.000241 seconds.
  path: Assets/Meterial/RMGC Body.mat
  artifactKey: Guid(e56c21dc93a65c84982251304c0a31ed) Importer(815301076,1909f56bfc062723c751e8b465ee728b)
Start importing Assets/Meterial/RMGC Body.mat using Guid(e56c21dc93a65c84982251304c0a31ed) Importer(815301076,1909f56bfc062723c751e8b465ee728b)  -> (artifact id: 'e13416ecbf1855ee946a34afad889768') in 0.021101 seconds 
  Import took 0.024244 seconds .

========================================================================
Received Import Request.
  Time since last request: 0.000212 seconds.
  path: Assets/Meterial/Rail.mat
  artifactKey: Guid(b7c7ea2295bc43141addfede43002854) Importer(815301076,1909f56bfc062723c751e8b465ee728b)
Start importing Assets/Meterial/Rail.mat using Guid(b7c7ea2295bc43141addfede43002854) Importer(815301076,1909f56bfc062723c751e8b465ee728b)  -> (artifact id: 'cc50fc1403ba303dc0adb6c2d0e64005') in 0.027785 seconds 
  Import took 0.030226 seconds .

========================================================================
Received Import Request.
  Time since last request: 0.000234 seconds.
  path: Assets/Meterial/Spreader.mat
  artifactKey: Guid(96fea0d9ce8d76c438a145b50ded0f4f) Importer(815301076,1909f56bfc062723c751e8b465ee728b)
Start importing Assets/Meterial/Spreader.mat using Guid(96fea0d9ce8d76c438a145b50ded0f4f) Importer(815301076,1909f56bfc062723c751e8b465ee728b)  -> (artifact id: '3d92573cafe3a1df613217431f8bb87c') in 0.019399 seconds 
  Import took 0.022672 seconds .

========================================================================
Received Import Request.
  Time since last request: 0.000216 seconds.
  path: Assets/Meterial/Cylinder_body.mat
  artifactKey: Guid(0a9d747d7a632b445b7e2b301f6f5460) Importer(815301076,1909f56bfc062723c751e8b465ee728b)
Start importing Assets/Meterial/Cylinder_body.mat using Guid(0a9d747d7a632b445b7e2b301f6f5460) Importer(815301076,1909f56bfc062723c751e8b465ee728b)  -> (artifact id: 'cd39205b7c5beff14cacf380487fd003') in 0.017717 seconds 
  Import took 0.020080 seconds .

========================================================================
Received Import Request.
  Time since last request: 11.740614 seconds.
  path: Assets/Script/Filo_RMGC_Control.cs
  artifactKey: Guid(9aaca8f20adc85d4d8d7dada77f51a1e) Importer(815301076,1909f56bfc062723c751e8b465ee728b)
Start importing Assets/Script/Filo_RMGC_Control.cs using Guid(9aaca8f20adc85d4d8d7dada77f51a1e) Importer(815301076,1909f56bfc062723c751e8b465ee728b)  -> (artifact id: '66dfe933ae7eb1d1f02031f5df5a0852') in 0.017030 seconds 
  Import took 0.019411 seconds .

========================================================================
Received Prepare
Registering precompiled user dll's ...
Registered in 0.006034 seconds.
Begin MonoManager ReloadAssembly
Native extension for WindowsStandalone target not found
Refreshing native plugins compatible for Editor in 0.35 ms, found 2 plugins.
Preloading 0 native plugins for Editor in 0.00 ms.
Mono: successfully reloaded assembly
- Completed reload, in  1.304 seconds
Domain Reload Profiling:
	ReloadAssembly (1305ms)
		BeginReloadAssembly (146ms)
			ExecutionOrderSort (0ms)
			DisableScriptedObjects (4ms)
			BackupInstance (0ms)
			ReleaseScriptingObjects (0ms)
			CreateAndSetChildDomain (32ms)
		EndReloadAssembly (1073ms)
			LoadAssemblies (125ms)
			RebuildTransferFunctionScriptingTraits (0ms)
			SetupTypeCache (296ms)
			ReleaseScriptCaches (1ms)
			RebuildScriptCaches (34ms)
			SetupLoadedEditorAssemblies (557ms)
				LogAssemblyErrors (0ms)
				InitializePlatformSupportModulesInManaged (5ms)
				SetLoadedEditorAssemblies (0ms)
				RefreshPlugins (0ms)
				BeforeProcessingInitializeOnLoad (52ms)
				ProcessInitializeOnLoadAttributes (477ms)
				ProcessInitializeOnLoadMethodAttributes (10ms)
				AfterProcessingInitializeOnLoad (12ms)
				EditorAssembliesLoaded (0ms)
			ExecutionOrderSort2 (0ms)
			AwakeInstancesAfterBackupRestoration (6ms)
Platform modules already initialized, skipping
Refreshing native plugins compatible for Editor in 0.34 ms, found 2 plugins.
Preloading 0 native plugins for Editor in 0.00 ms.
Unloading 1530 Unused Serialized files (Serialized files now loaded: 0)
System memory in use before: 72.8 MB.
System memory in use after: 72.9 MB.

Unloading 18 unused Assets to reduce memory usage. Loaded Objects now: 2011.
Total: 2.414400 ms (FindLiveObjects: 0.124900 ms CreateObjectMapping: 0.052700 ms MarkObjects: 2.223200 ms  DeleteObjects: 0.012700 ms)

AssetImportParameters requested are different than current active one (requested -> active):
  custom:framework-win-MediaFoundation: 216162199b28c13a410421893ffa2e32 -> 
  custom:video-decoder-ogg-theora: a1e56fd34408186e4bbccfd4996cb3dc -> 
  custom:container-muxer-webm: aa71ff27fc2769a1b78a27578f13a17b -> 
  custom:container-demuxer-webm: 4f35f7cbe854078d1ac9338744f61a02 -> 
  custom:container-demuxer-ogg: 62fdf1f143b41e24485cea50d1cbac27 -> 
  custom:video-encoder-webm-vp8: eb34c28f22e8b96e1ab97ce403110664 -> 
  custom:video-codec-MediaFoundation-h265: 746d11721c4dcdbdad8f713fa42b33f4 -> 
  custom:video-decoder-webm-vp8: 9c59270c3fd7afecdb556c50c9e8de78 -> 
  custom:audio-decoder-ogg-vorbis: bf7c407c2cedff20999df2af8eb42d56 -> 
  custom:audio-encoder-webm-vorbis: bf7c407c2cedff20999df2af8eb42d56 -> 
========================================================================
Received Import Request.
  Time since last request: 33.820770 seconds.
  path: Assets/Script/Filo_RMGC_Control.cs
  artifactKey: Guid(9aaca8f20adc85d4d8d7dada77f51a1e) Importer(815301076,1909f56bfc062723c751e8b465ee728b)
Start importing Assets/Script/Filo_RMGC_Control.cs using Guid(9aaca8f20adc85d4d8d7dada77f51a1e) Importer(815301076,1909f56bfc062723c751e8b465ee728b)  -> (artifact id: '49fc19701b316ecaa322f75ff1aa10ed') in 0.003878 seconds 
  Import took 0.006751 seconds .

========================================================================
Received Prepare
Registering precompiled user dll's ...
Registered in 0.005402 seconds.
Begin MonoManager ReloadAssembly
Native extension for WindowsStandalone target not found
Refreshing native plugins compatible for Editor in 0.37 ms, found 2 plugins.
Preloading 0 native plugins for Editor in 0.00 ms.
Mono: successfully reloaded assembly
- Completed reload, in  1.308 seconds
Domain Reload Profiling:
	ReloadAssembly (1309ms)
		BeginReloadAssembly (153ms)
			ExecutionOrderSort (0ms)
			DisableScriptedObjects (4ms)
			BackupInstance (0ms)
			ReleaseScriptingObjects (0ms)
			CreateAndSetChildDomain (35ms)
		EndReloadAssembly (1077ms)
			LoadAssemblies (125ms)
			RebuildTransferFunctionScriptingTraits (0ms)
			SetupTypeCache (300ms)
			ReleaseScriptCaches (1ms)
			RebuildScriptCaches (43ms)
			SetupLoadedEditorAssemblies (547ms)
				LogAssemblyErrors (0ms)
				InitializePlatformSupportModulesInManaged (6ms)
				SetLoadedEditorAssemblies (1ms)
				RefreshPlugins (0ms)
				BeforeProcessingInitializeOnLoad (52ms)
				ProcessInitializeOnLoadAttributes (466ms)
				ProcessInitializeOnLoadMethodAttributes (9ms)
				AfterProcessingInitializeOnLoad (13ms)
				EditorAssembliesLoaded (0ms)
			ExecutionOrderSort2 (0ms)
			AwakeInstancesAfterBackupRestoration (6ms)
Platform modules already initialized, skipping
Refreshing native plugins compatible for Editor in 0.37 ms, found 2 plugins.
Preloading 0 native plugins for Editor in 0.00 ms.
Unloading 1530 Unused Serialized files (Serialized files now loaded: 0)
System memory in use before: 72.8 MB.
System memory in use after: 73.0 MB.

Unloading 18 unused Assets to reduce memory usage. Loaded Objects now: 2013.
Total: 2.464300 ms (FindLiveObjects: 0.128000 ms CreateObjectMapping: 0.051700 ms MarkObjects: 2.270400 ms  DeleteObjects: 0.013400 ms)

AssetImportParameters requested are different than current active one (requested -> active):
  custom:framework-win-MediaFoundation: 216162199b28c13a410421893ffa2e32 -> 
  custom:video-decoder-ogg-theora: a1e56fd34408186e4bbccfd4996cb3dc -> 
  custom:container-muxer-webm: aa71ff27fc2769a1b78a27578f13a17b -> 
  custom:container-demuxer-webm: 4f35f7cbe854078d1ac9338744f61a02 -> 
  custom:container-demuxer-ogg: 62fdf1f143b41e24485cea50d1cbac27 -> 
  custom:video-encoder-webm-vp8: eb34c28f22e8b96e1ab97ce403110664 -> 
  custom:video-codec-MediaFoundation-h265: 746d11721c4dcdbdad8f713fa42b33f4 -> 
  custom:video-decoder-webm-vp8: 9c59270c3fd7afecdb556c50c9e8de78 -> 
  custom:audio-decoder-ogg-vorbis: bf7c407c2cedff20999df2af8eb42d56 -> 
  custom:audio-encoder-webm-vorbis: bf7c407c2cedff20999df2af8eb42d56 -> 
========================================================================
Received Import Request.
  Time since last request: 32.252674 seconds.
  path: Assets/Script/Filo_RMGC_Control.cs
  artifactKey: Guid(9aaca8f20adc85d4d8d7dada77f51a1e) Importer(815301076,1909f56bfc062723c751e8b465ee728b)
Start importing Assets/Script/Filo_RMGC_Control.cs using Guid(9aaca8f20adc85d4d8d7dada77f51a1e) Importer(815301076,1909f56bfc062723c751e8b465ee728b)  -> (artifact id: '9d865d67e0b7085dc6503b125dcbea17') in 0.004455 seconds 
  Import took 0.007093 seconds .

========================================================================
Received Prepare
Registering precompiled user dll's ...
Registered in 0.006450 seconds.
Begin MonoManager ReloadAssembly
Native extension for WindowsStandalone target not found
Refreshing native plugins compatible for Editor in 0.60 ms, found 2 plugins.
Preloading 0 native plugins for Editor in 0.00 ms.
Mono: successfully reloaded assembly
- Completed reload, in  1.254 seconds
Domain Reload Profiling:
	ReloadAssembly (1254ms)
		BeginReloadAssembly (159ms)
			ExecutionOrderSort (0ms)
			DisableScriptedObjects (7ms)
			BackupInstance (0ms)
			ReleaseScriptingObjects (0ms)
			CreateAndSetChildDomain (37ms)
		EndReloadAssembly (1023ms)
			LoadAssemblies (112ms)
			RebuildTransferFunctionScriptingTraits (0ms)
			SetupTypeCache (264ms)
			ReleaseScriptCaches (1ms)
			RebuildScriptCaches (35ms)
			SetupLoadedEditorAssemblies (543ms)
				LogAssemblyErrors (0ms)
				InitializePlatformSupportModulesInManaged (5ms)
				SetLoadedEditorAssemblies (1ms)
				RefreshPlugins (1ms)
				BeforeProcessingInitializeOnLoad (52ms)
				ProcessInitializeOnLoadAttributes (464ms)
				ProcessInitializeOnLoadMethodAttributes (9ms)
				AfterProcessingInitializeOnLoad (11ms)
				EditorAssembliesLoaded (0ms)
			ExecutionOrderSort2 (0ms)
			AwakeInstancesAfterBackupRestoration (6ms)
Platform modules already initialized, skipping
Refreshing native plugins compatible for Editor in 0.35 ms, found 2 plugins.
Preloading 0 native plugins for Editor in 0.00 ms.
Unloading 1530 Unused Serialized files (Serialized files now loaded: 0)
System memory in use before: 72.9 MB.
System memory in use after: 73.0 MB.

Unloading 18 unused Assets to reduce memory usage. Loaded Objects now: 2015.
Total: 2.284100 ms (FindLiveObjects: 0.127900 ms CreateObjectMapping: 0.045900 ms MarkObjects: 2.095200 ms  DeleteObjects: 0.014400 ms)

AssetImportParameters requested are different than current active one (requested -> active):
  custom:framework-win-MediaFoundation: 216162199b28c13a410421893ffa2e32 -> 
  custom:video-decoder-ogg-theora: a1e56fd34408186e4bbccfd4996cb3dc -> 
  custom:container-muxer-webm: aa71ff27fc2769a1b78a27578f13a17b -> 
  custom:container-demuxer-webm: 4f35f7cbe854078d1ac9338744f61a02 -> 
  custom:container-demuxer-ogg: 62fdf1f143b41e24485cea50d1cbac27 -> 
  custom:video-encoder-webm-vp8: eb34c28f22e8b96e1ab97ce403110664 -> 
  custom:video-codec-MediaFoundation-h265: 746d11721c4dcdbdad8f713fa42b33f4 -> 
  custom:video-decoder-webm-vp8: 9c59270c3fd7afecdb556c50c9e8de78 -> 
  custom:audio-decoder-ogg-vorbis: bf7c407c2cedff20999df2af8eb42d56 -> 
  custom:audio-encoder-webm-vorbis: bf7c407c2cedff20999df2af8eb42d56 -> 
AssetImportWorkerClient::OnTransportError - code=2 error=End of file
